<?xml version="1.0" encoding="UTF-8"?>
<!-- Generated by org.testng.reporters.JUnitXMLReporter -->
<testsuite hostname="LAPTOP-6CJ8UM45" ignored="0" name="Test" tests="2" failures="0" timestamp="2021-08-19T19:42:26 IST" time="0.122" errors="0">
  <testcase name="@BeforeMethod openApp" time="-1.629382346796E9" classname="generic.BaseTest">
    <failure type="org.testng.TestNGException" message="
Parameter &amp;apos;hubUrl&amp;apos; is required by BeforeMethod on method openApp but has not been marked @Optional or defined
in E:\eclipse-workspace\projname\testng.xml">
      <![CDATA[org.testng.TestNGException: 
Parameter 'hubUrl' is required by BeforeMethod on method openApp but has not been marked @Optional or defined
in E:\eclipse-workspace\projname\testng.xml
at java.util.ArrayList.forEach(Unknown Source)
... Removed 28 stack frames]]>
    </failure>
  </testcase> <!-- @BeforeMethod openApp -->
  <testcase name="@AfterMethod closeApp" time="-1.629382346829E9" classname="generic.BaseTest">
    <skipped/>
  </testcase> <!-- @AfterMethod closeApp -->
  <testcase name="@BeforeMethod openApp" time="-1.629382346833E9" classname="generic.BaseTest">
    <failure type="org.testng.TestNGException" message="
Parameter &amp;apos;hubUrl&amp;apos; is required by BeforeMethod on method openApp but has not been marked @Optional or defined
in E:\eclipse-workspace\projname\testng.xml">
      <![CDATA[org.testng.TestNGException: 
Parameter 'hubUrl' is required by BeforeMethod on method openApp but has not been marked @Optional or defined
in E:\eclipse-workspace\projname\testng.xml
at java.util.ArrayList.forEach(Unknown Source)
... Removed 28 stack frames]]>
    </failure>
  </testcase> <!-- @BeforeMethod openApp -->
  <testcase name="@AfterMethod closeApp" time="-1.629382346842E9" classname="generic.BaseTest">
    <skipped/>
  </testcase> <!-- @AfterMethod closeApp -->
  <testcase name="testInvalidLogin" time="0.0" classname="script.InvalidLogin">
    <skipped/>
  </testcase> <!-- testInvalidLogin -->
  <testcase name="testValidLogin" time="0.0" classname="script.ValidLogin">
    <skipped/>
  </testcase> <!-- testValidLogin -->
</testsuite> <!-- Test -->
