<?xml version="1.0" encoding="UTF-8"?>
<!-- Generated by org.testng.reporters.JUnitXMLReporter -->
<testsuite hostname="LAPTOP-6CJ8UM45" ignored="0" name="TestGC" tests="2" failures="0" timestamp="2021-08-19T19:57:08 IST" time="0.128" errors="0">
  <testcase name="@BeforeMethod openApp" time="0.014" classname="generic.BaseTest">
    <failure type="java.lang.Error" message="Unresolved compilation problems: 
	dURL cannot be resolved to a variable
	dBrowser cannot be resolved to a variable
">
      <![CDATA[java.lang.Error: Unresolved compilation problems: 
dURL cannot be resolved to a variable
dBrowser cannot be resolved to a variable

at generic.BaseTest.openApp(BaseTest.java:28)
at java.util.ArrayList.forEach(Unknown Source)
at java.util.concurrent.FutureTask.run(Unknown Source)
at java.util.concurrent.ThreadPoolExecutor.runWorker(Unknown Source)
at java.util.concurrent.ThreadPoolExecutor$Worker.run(Unknown Source)
at java.lang.Thread.run(Unknown Source)
... Removed 22 stack frames]]>
    </failure>
  </testcase> <!-- @BeforeMethod openApp -->
  <testcase name="@BeforeMethod openApp" time="0.014" classname="generic.BaseTest">
    <failure type="java.lang.Error" message="Unresolved compilation problems: 
	dURL cannot be resolved to a variable
	dBrowser cannot be resolved to a variable
">
      <![CDATA[java.lang.Error: Unresolved compilation problems: 
dURL cannot be resolved to a variable
dBrowser cannot be resolved to a variable

at generic.BaseTest.openApp(BaseTest.java:28)
at java.util.ArrayList.forEach(Unknown Source)
at java.util.concurrent.FutureTask.run(Unknown Source)
at java.util.concurrent.ThreadPoolExecutor.runWorker(Unknown Source)
at java.util.concurrent.ThreadPoolExecutor$Worker.run(Unknown Source)
at java.lang.Thread.run(Unknown Source)
... Removed 22 stack frames]]>
    </failure>
  </testcase> <!-- @BeforeMethod openApp -->
  <testcase name="@AfterMethod closeApp" time="-1.62938322811E9" classname="generic.BaseTest">
    <skipped/>
  </testcase> <!-- @AfterMethod closeApp -->
  <testcase name="@AfterMethod closeApp" time="-1.629383228119E9" classname="generic.BaseTest">
    <skipped/>
  </testcase> <!-- @AfterMethod closeApp -->
  <testcase name="@BeforeMethod openApp" time="0.0" classname="generic.BaseTest">
    <failure type="java.lang.Error" message="Unresolved compilation problems: 
	dURL cannot be resolved to a variable
	dBrowser cannot be resolved to a variable
">
      <![CDATA[java.lang.Error: Unresolved compilation problems: 
dURL cannot be resolved to a variable
dBrowser cannot be resolved to a variable

at generic.BaseTest.openApp(BaseTest.java:28)
at java.util.ArrayList.forEach(Unknown Source)
at java.util.concurrent.FutureTask.run(Unknown Source)
at java.util.concurrent.ThreadPoolExecutor.runWorker(Unknown Source)
at java.util.concurrent.ThreadPoolExecutor$Worker.run(Unknown Source)
at java.lang.Thread.run(Unknown Source)
... Removed 22 stack frames]]>
    </failure>
  </testcase> <!-- @BeforeMethod openApp -->
  <testcase name="@BeforeMethod openApp" time="0.001" classname="generic.BaseTest">
    <failure type="java.lang.Error" message="Unresolved compilation problems: 
	dURL cannot be resolved to a variable
	dBrowser cannot be resolved to a variable
">
      <![CDATA[java.lang.Error: Unresolved compilation problems: 
dURL cannot be resolved to a variable
dBrowser cannot be resolved to a variable

at generic.BaseTest.openApp(BaseTest.java:28)
at java.util.ArrayList.forEach(Unknown Source)
at java.util.concurrent.FutureTask.run(Unknown Source)
at java.util.concurrent.ThreadPoolExecutor.runWorker(Unknown Source)
at java.util.concurrent.ThreadPoolExecutor$Worker.run(Unknown Source)
at java.lang.Thread.run(Unknown Source)
... Removed 22 stack frames]]>
    </failure>
  </testcase> <!-- @BeforeMethod openApp -->
  <testcase name="@AfterMethod closeApp" time="-1.629383228144E9" classname="generic.BaseTest">
    <skipped/>
  </testcase> <!-- @AfterMethod closeApp -->
  <testcase name="@AfterMethod closeApp" time="-1.629383228154E9" classname="generic.BaseTest">
    <skipped/>
  </testcase> <!-- @AfterMethod closeApp -->
  <testcase name="testValidLogin" time="0.0" classname="script.ValidLogin">
    <skipped/>
  </testcase> <!-- testValidLogin -->
  <testcase name="testInvalidLogin" time="0.0" classname="script.InvalidLogin">
    <skipped/>
  </testcase> <!-- testInvalidLogin -->
</testsuite> <!-- TestGC -->
